<?xml version="1.0" encoding="UTF-8"?>
<!-- Generated by org.testng.reporters.JUnitReportReporter -->
<testsuite hostname="manish" failures="0" tests="1" name="POMFrameWorkers.StandAloneTest" time="34.074" errors="0" timestamp="2024-09-08T18:41:49 IST" skipped="0">
  <testcase classname="POMFrameWorkers.StandAloneTest" name="StandAloneTest" time="34.074"/>
</testsuite> <!-- POMFrameWorkers.StandAloneTest -->
