<?xml version="1.0" encoding="UTF-8"?>
<!-- Generated by org.testng.reporters.JUnitReportReporter -->
<testsuite hostname="manish" failures="0" tests="1" name="com.pom.qa.testcases.LoginErrorValidationTest" time="8.006" errors="0" timestamp="2024-09-16T18:12:42 IST" skipped="0">
  <testcase classname="com.pom.qa.testcases.LoginErrorValidationTest" name="loginWithWrongCredentialsTest" time="8.006"/>
</testsuite> <!-- com.pom.qa.testcases.LoginErrorValidationTest -->
