<?xml version="1.0" encoding="UTF-8"?>
<!-- Generated by org.testng.reporters.JUnitReportReporter -->
<testsuite hostname="manish" failures="0" tests="1" name="POMFrameWorkers.LoginWrongCredentials" time="10.181" errors="0" timestamp="2024-09-08T22:41:15 IST" skipped="0">
  <testcase classname="POMFrameWorkers.LoginWrongCredentials" name="loginWithWrongCredentialsTest" time="10.181"/>
</testsuite> <!-- POMFrameWorkers.LoginWrongCredentials -->
