<?xml version="1.0" encoding="UTF-8"?>
<!-- Generated by org.testng.reporters.JUnitReportReporter -->
<testsuite hostname="manish" failures="0" tests="1" name="com.pom.qa.testcases.HomePageFiltersTest" time="5.073" errors="0" timestamp="2024-10-08T20:41:53 IST" skipped="0">
  <testcase classname="com.pom.qa.testcases.HomePageFiltersTest" name="verifySearch" time="5.073"/>
</testsuite> <!-- com.pom.qa.testcases.HomePageFiltersTest -->
