<?xml version="1.0" encoding="UTF-8"?>
<!-- Generated by org.testng.reporters.JUnitReportReporter -->
<testsuite hostname="manish" failures="0" tests="1" name="com.pom.qa.testcases.LoginErrorValidationTest" time="4.198" errors="0" timestamp="2024-09-16T01:04:01 IST" skipped="0">
  <testcase classname="com.pom.qa.testcases.LoginErrorValidationTest" name="loginWithWrongCredentialsTest" time="4.198"/>
</testsuite> <!-- com.pom.qa.testcases.LoginErrorValidationTest -->
